toto
toto
--------------- tests-lca-commun.c ---------------
                 1 run  0 failed                  

--------------- tests-lca-commun.c ---------------
                 1 run  0 failed                  

--------------- tests-lca-commun.c ---------------
                 1 run  0 failed                  

--------------- tests-lca-commun.c ---------------
                 1 run  0 failed                  

--------------- tests-lca-commun.c ---------------
                 1 run  0 failed                  

--------------- tests-lca-commun.c ---------------
                 1 run  0 failed                  

--------------- tests-lca-commun.c ---------------
                 1 run  0 failed                  

--------------- tests-lca-commun.c ---------------
                 1 run  0 failed                  

--------------- tests-lca-commun.c ---------------
                 1 run  0 failed                  



==================SEATEST v0.5====================

               ALL TESTS PASSED
                 9 tests run
                    in 0 ms
==================================================
